<?xml version="1.0" encoding="UTF-8"?>
<testsuite xmlns:xsi="http://www.w3.org/2001/XMLSchema-instance" xsi:noNamespaceSchemaLocation="https://maven.apache.org/surefire/maven-surefire-plugin/xsd/surefire-test-report.xsd" name="com.valuelabs.JUnitTask.ShoppingCartParameterTest" time="0.005" tests="3" errors="0" skipped="0" failures="0">
  <properties>
    <property name="sun.desktop" value="windows"/>
    <property name="awt.toolkit" value="sun.awt.windows.WToolkit"/>
    <property name="file.encoding.pkg" value="sun.io"/>
    <property name="java.specification.version" value="1.8"/>
    <property name="sun.cpu.isalist" value="amd64"/>
    <property name="sun.jnu.encoding" value="Cp1252"/>
    <property name="java.class.path" value="C:\Users\emil.manohar\eclipse-workspace\JUnitTask\target\test-classes;C:\Users\emil.manohar\eclipse-workspace\JUnitTask\target\classes;C:\Users\emil.manohar\.m2\repository\junit\junit\4.12\junit-4.12.jar;C:\Users\emil.manohar\.m2\repository\org\hamcrest\hamcrest-core\1.3\hamcrest-core-1.3.jar;C:\Users\emil.manohar\.m2\repository\org\mockito\mockito-all\2.0.2-beta\mockito-all-2.0.2-beta.jar;"/>
    <property name="java.vm.vendor" value="Oracle Corporation"/>
    <property name="sun.arch.data.model" value="64"/>
    <property name="user.variant" value=""/>
    <property name="java.vendor.url" value="http://java.oracle.com/"/>
    <property name="user.timezone" value="Asia/Calcutta"/>
    <property name="java.vm.specification.version" value="1.8"/>
    <property name="os.name" value="Windows 7"/>
    <property name="user.country" value="US"/>
    <property name="sun.java.launcher" value="SUN_STANDARD"/>
    <property name="sun.boot.library.path" value="C:\Users\emil.manohar\Java\jre\bin"/>
    <property name="sun.java.command" value="C:\Users\EMIL~2.MAN\AppData\Local\Temp\surefire3759411188528724054\surefirebooter8057628477443953472.jar C:\Users\emil.manohar\AppData\Local\Temp\surefire3759411188528724054 2019-03-14T19-31-22_478-jvmRun1 surefire559282056131232161tmp surefire_07725843309893412506tmp"/>
    <property name="surefire.test.class.path" value="C:\Users\emil.manohar\eclipse-workspace\JUnitTask\target\test-classes;C:\Users\emil.manohar\eclipse-workspace\JUnitTask\target\classes;C:\Users\emil.manohar\.m2\repository\junit\junit\4.12\junit-4.12.jar;C:\Users\emil.manohar\.m2\repository\org\hamcrest\hamcrest-core\1.3\hamcrest-core-1.3.jar;C:\Users\emil.manohar\.m2\repository\org\mockito\mockito-all\2.0.2-beta\mockito-all-2.0.2-beta.jar;"/>
    <property name="sun.cpu.endian" value="little"/>
    <property name="user.home" value="C:\Users\emil.manohar"/>
    <property name="user.language" value="en"/>
    <property name="java.specification.vendor" value="Oracle Corporation"/>
    <property name="java.home" value="C:\Users\emil.manohar\Java\jre"/>
    <property name="basedir" value="C:\Users\emil.manohar\eclipse-workspace\JUnitTask"/>
    <property name="file.separator" value="\"/>
    <property name="line.separator" value="&#10;"/>
    <property name="java.vm.specification.vendor" value="Oracle Corporation"/>
    <property name="java.specification.name" value="Java Platform API Specification"/>
    <property name="java.awt.graphicsenv" value="sun.awt.Win32GraphicsEnvironment"/>
    <property name="surefire.real.class.path" value="C:\Users\EMIL~2.MAN\AppData\Local\Temp\surefire3759411188528724054\surefirebooter8057628477443953472.jar"/>
    <property name="sun.boot.class.path" value="C:\Users\emil.manohar\Java\jre\lib\resources.jar;C:\Users\emil.manohar\Java\jre\lib\rt.jar;C:\Users\emil.manohar\Java\jre\lib\sunrsasign.jar;C:\Users\emil.manohar\Java\jre\lib\jsse.jar;C:\Users\emil.manohar\Java\jre\lib\jce.jar;C:\Users\emil.manohar\Java\jre\lib\charsets.jar;C:\Users\emil.manohar\Java\jre\lib\jfr.jar;C:\Users\emil.manohar\Java\jre\classes"/>
    <property name="user.script" value=""/>
    <property name="sun.management.compiler" value="HotSpot 64-Bit Tiered Compilers"/>
    <property name="java.runtime.version" value="1.8.0_202-b08"/>
    <property name="user.name" value="emil.manohar"/>
    <property name="path.separator" value=";"/>
    <property name="os.version" value="6.1"/>
    <property name="java.endorsed.dirs" value="C:\Users\emil.manohar\Java\jre\lib\endorsed"/>
    <property name="java.runtime.name" value="Java(TM) SE Runtime Environment"/>
    <property name="file.encoding" value="Cp1252"/>
    <property name="java.vm.name" value="Java HotSpot(TM) 64-Bit Server VM"/>
    <property name="localRepository" value="C:\Users\emil.manohar\.m2\repository"/>
    <property name="java.vendor.url.bug" value="http://bugreport.sun.com/bugreport/"/>
    <property name="java.io.tmpdir" value="C:\Users\EMIL~2.MAN\AppData\Local\Temp\"/>
    <property name="java.version" value="1.8.0_202"/>
    <property name="user.dir" value="C:\Users\emil.manohar\eclipse-workspace\JUnitTask"/>
    <property name="os.arch" value="amd64"/>
    <property name="java.vm.specification.name" value="Java Virtual Machine Specification"/>
    <property name="java.awt.printerjob" value="sun.awt.windows.WPrinterJob"/>
    <property name="sun.os.patch.level" value="Service Pack 1"/>
    <property name="java.library.path" value="C:\Users\emil.manohar\Java\jre\bin;C:\windows\Sun\Java\bin;C:\windows\system32;C:\windows;C:\ProgramData\Oracle\Java\javapath;C:\windows\system32;C:\windows;C:\windows\System32\Wbem;C:\windows\System32\WindowsPowerShell\v1.0\;C:\Program Files\TortoiseSVN\bin;C:\Program Files\Microsoft SQL Server\120\Tools\Binn\;C:\Program Files\Microsoft SQL Server\Client SDK\ODBC\110\Tools\Binn\;C:\Program Files (x86)\Microsoft SQL Server\120\Tools\Binn\;C:\Program Files\Microsoft SQL Server\120\DTS\Binn\;C:\Program Files (x86)\Microsoft SQL Server\120\Tools\Binn\ManagementStudio\;C:\Program Files (x86)\Microsoft SQL Server\120\DTS\Binn\;C:\Users\emil.manohar\Java\bin;C:\Users\emil.manohar\Apache Maven\apache-maven-3.6.0\bin;;."/>
    <property name="java.vm.info" value="mixed mode"/>
    <property name="java.vendor" value="Oracle Corporation"/>
    <property name="java.vm.version" value="25.202-b08"/>
    <property name="java.ext.dirs" value="C:\Users\emil.manohar\Java\jre\lib\ext;C:\windows\Sun\Java\lib\ext"/>
    <property name="sun.io.unicode.encoding" value="UnicodeLittle"/>
    <property name="java.class.version" value="52.0"/>
  </properties>
  <testcase name="parameterizedTest[0]" classname="com.valuelabs.JUnitTask.ShoppingCartParameterTest" time="0.002"/>
  <testcase name="parameterizedTest[1]" classname="com.valuelabs.JUnitTask.ShoppingCartParameterTest" time="0.001"/>
  <testcase name="parameterizedTest[2]" classname="com.valuelabs.JUnitTask.ShoppingCartParameterTest" time="0"/>
</testsuite>